The system is: Darwin - 15.6.0 - x86_64
Compiling the C compiler identification source file "CMakeCCompilerId.c" succeeded.
Compiler: /Library/Developer/CommandLineTools/usr/bin/cc 
Build flags: 
Id flags: 

The output was:
0


Compilation of the C compiler identification source "CMakeCCompilerId.c" produced "a.out"

The C compiler identification is AppleClang, found in "/Users/guoy28/Downloads/bioinfo_toolbox/sandbox/cpp/hacker_rank_cpp_tutorial/cmake-build-debug/CMakeFiles/3.6.2/CompilerIdC/a.out"

Compiling the CXX compiler identification source file "CMakeCXXCompilerId.cpp" succeeded.
Compiler: /Library/Developer/CommandLineTools/usr/bin/c++ 
Build flags: 
Id flags: 

The output was:
0


Compilation of the CXX compiler identification source "CMakeCXXCompilerId.cpp" produced "a.out"

The CXX compiler identification is AppleClang, found in "/Users/guoy28/Downloads/bioinfo_toolbox/sandbox/cpp/hacker_rank_cpp_tutorial/cmake-build-debug/CMakeFiles/3.6.2/CompilerIdCXX/a.out"

Determining if the C compiler works passed with the following output:
Change Dir: /Users/guoy28/Downloads/bioinfo_toolbox/sandbox/cpp/hacker_rank_cpp_tutorial/cmake-build-debug/CMakeFiles/CMakeTmp

Run Build Command:"/usr/bin/make" "cmTC_251cf/fast"
/Library/Developer/CommandLineTools/usr/bin/make -f CMakeFiles/cmTC_251cf.dir/build.make CMakeFiles/cmTC_251cf.dir/build
Building C object CMakeFiles/cmTC_251cf.dir/testCCompiler.c.o
/Library/Developer/CommandLineTools/usr/bin/cc     -o CMakeFiles/cmTC_251cf.dir/testCCompiler.c.o   -c /Users/guoy28/Downloads/bioinfo_toolbox/sandbox/cpp/hacker_rank_cpp_tutorial/cmake-build-debug/CMakeFiles/CMakeTmp/testCCompiler.c
Linking C executable cmTC_251cf
/usr/local/Cellar/cmake/3.6.2/bin/cmake -E cmake_link_script CMakeFiles/cmTC_251cf.dir/link.txt --verbose=1
/Library/Developer/CommandLineTools/usr/bin/cc    -Wl,-search_paths_first -Wl,-headerpad_max_install_names   CMakeFiles/cmTC_251cf.dir/testCCompiler.c.o  -o cmTC_251cf  


Detecting C compiler ABI info compiled with the following output:
Change Dir: /Users/guoy28/Downloads/bioinfo_toolbox/sandbox/cpp/hacker_rank_cpp_tutorial/cmake-build-debug/CMakeFiles/CMakeTmp

Run Build Command:"/usr/bin/make" "cmTC_049c4/fast"
/Library/Developer/CommandLineTools/usr/bin/make -f CMakeFiles/cmTC_049c4.dir/build.make CMakeFiles/cmTC_049c4.dir/build
Building C object CMakeFiles/cmTC_049c4.dir/CMakeCCompilerABI.c.o
/Library/Developer/CommandLineTools/usr/bin/cc     -o CMakeFiles/cmTC_049c4.dir/CMakeCCompilerABI.c.o   -c /usr/local/Cellar/cmake/3.6.2/share/cmake/Modules/CMakeCCompilerABI.c
Linking C executable cmTC_049c4
/usr/local/Cellar/cmake/3.6.2/bin/cmake -E cmake_link_script CMakeFiles/cmTC_049c4.dir/link.txt --verbose=1
/Library/Developer/CommandLineTools/usr/bin/cc    -Wl,-search_paths_first -Wl,-headerpad_max_install_names  -v -Wl,-v CMakeFiles/cmTC_049c4.dir/CMakeCCompilerABI.c.o  -o cmTC_049c4   
Apple LLVM version 8.0.0 (clang-800.0.42.1)
Target: x86_64-apple-darwin15.6.0
Thread model: posix
InstalledDir: /Library/Developer/CommandLineTools/usr/bin
 "/Library/Developer/CommandLineTools/usr/bin/ld" -demangle -dynamic -arch x86_64 -macosx_version_min 10.11.0 -o cmTC_049c4 -search_paths_first -headerpad_max_install_names -v CMakeFiles/cmTC_049c4.dir/CMakeCCompilerABI.c.o -lSystem /Library/Developer/CommandLineTools/usr/bin/../lib/clang/8.0.0/lib/darwin/libclang_rt.osx.a
@(#)PROGRAM:ld  PROJECT:ld64-274.2
configured to support archs: armv6 armv7 armv7s arm64 i386 x86_64 x86_64h armv6m armv7k armv7m armv7em (tvOS)
Library search paths:
	/usr/lib
	/usr/local/lib
Framework search paths:
	/Library/Frameworks/
	/System/Library/Frameworks/


Parsed C implicit link information from above output:
  link line regex: [^( *|.*[/\])(ld|([^/\]+-)?ld|collect2)[^/\]*( |$)]
  ignore line: [Change Dir: /Users/guoy28/Downloads/bioinfo_toolbox/sandbox/cpp/hacker_rank_cpp_tutorial/cmake-build-debug/CMakeFiles/CMakeTmp]
  ignore line: []
  ignore line: [Run Build Command:"/usr/bin/make" "cmTC_049c4/fast"]
  ignore line: [/Library/Developer/CommandLineTools/usr/bin/make -f CMakeFiles/cmTC_049c4.dir/build.make CMakeFiles/cmTC_049c4.dir/build]
  ignore line: [Building C object CMakeFiles/cmTC_049c4.dir/CMakeCCompilerABI.c.o]
  ignore line: [/Library/Developer/CommandLineTools/usr/bin/cc     -o CMakeFiles/cmTC_049c4.dir/CMakeCCompilerABI.c.o   -c /usr/local/Cellar/cmake/3.6.2/share/cmake/Modules/CMakeCCompilerABI.c]
  ignore line: [Linking C executable cmTC_049c4]
  ignore line: [/usr/local/Cellar/cmake/3.6.2/bin/cmake -E cmake_link_script CMakeFiles/cmTC_049c4.dir/link.txt --verbose=1]
  ignore line: [/Library/Developer/CommandLineTools/usr/bin/cc    -Wl,-search_paths_first -Wl,-headerpad_max_install_names  -v -Wl,-v CMakeFiles/cmTC_049c4.dir/CMakeCCompilerABI.c.o  -o cmTC_049c4   ]
  ignore line: [Apple LLVM version 8.0.0 (clang-800.0.42.1)]
  ignore line: [Target: x86_64-apple-darwin15.6.0]
  ignore line: [Thread model: posix]
  ignore line: [InstalledDir: /Library/Developer/CommandLineTools/usr/bin]
  link line: [ "/Library/Developer/CommandLineTools/usr/bin/ld" -demangle -dynamic -arch x86_64 -macosx_version_min 10.11.0 -o cmTC_049c4 -search_paths_first -headerpad_max_install_names -v CMakeFiles/cmTC_049c4.dir/CMakeCCompilerABI.c.o -lSystem /Library/Developer/CommandLineTools/usr/bin/../lib/clang/8.0.0/lib/darwin/libclang_rt.osx.a]
    arg [/Library/Developer/CommandLineTools/usr/bin/ld] ==> ignore
    arg [-demangle] ==> ignore
    arg [-dynamic] ==> ignore
    arg [-arch] ==> ignore
    arg [x86_64] ==> ignore
    arg [-macosx_version_min] ==> ignore
    arg [10.11.0] ==> ignore
    arg [-o] ==> ignore
    arg [cmTC_049c4] ==> ignore
    arg [-search_paths_first] ==> ignore
    arg [-headerpad_max_install_names] ==> ignore
    arg [-v] ==> ignore
    arg [CMakeFiles/cmTC_049c4.dir/CMakeCCompilerABI.c.o] ==> ignore
    arg [-lSystem] ==> lib [System]
    arg [/Library/Developer/CommandLineTools/usr/bin/../lib/clang/8.0.0/lib/darwin/libclang_rt.osx.a] ==> lib [/Library/Developer/CommandLineTools/usr/bin/../lib/clang/8.0.0/lib/darwin/libclang_rt.osx.a]
  Library search paths: [;/usr/lib;/usr/local/lib]
  Framework search paths: [;/Library/Frameworks/;/System/Library/Frameworks/]
  remove lib [System]
  collapse lib [/Library/Developer/CommandLineTools/usr/bin/../lib/clang/8.0.0/lib/darwin/libclang_rt.osx.a] ==> [/Library/Developer/CommandLineTools/usr/lib/clang/8.0.0/lib/darwin/libclang_rt.osx.a]
  collapse library dir [/usr/lib] ==> [/usr/lib]
  collapse library dir [/usr/local/lib] ==> [/usr/local/lib]
  collapse framework dir [/Library/Frameworks/] ==> [/Library/Frameworks]
  collapse framework dir [/System/Library/Frameworks/] ==> [/System/Library/Frameworks]
  implicit libs: [/Library/Developer/CommandLineTools/usr/lib/clang/8.0.0/lib/darwin/libclang_rt.osx.a]
  implicit dirs: [/usr/lib;/usr/local/lib]
  implicit fwks: [/Library/Frameworks;/System/Library/Frameworks]




Detecting C [-std=c11] compiler features compiled with the following output:
Change Dir: /Users/guoy28/Downloads/bioinfo_toolbox/sandbox/cpp/hacker_rank_cpp_tutorial/cmake-build-debug/CMakeFiles/CMakeTmp

Run Build Command:"/usr/bin/make" "cmTC_3728b/fast"
/Library/Developer/CommandLineTools/usr/bin/make -f CMakeFiles/cmTC_3728b.dir/build.make CMakeFiles/cmTC_3728b.dir/build
Building C object CMakeFiles/cmTC_3728b.dir/feature_tests.c.o
/Library/Developer/CommandLineTools/usr/bin/cc    -std=c11 -o CMakeFiles/cmTC_3728b.dir/feature_tests.c.o   -c /Users/guoy28/Downloads/bioinfo_toolbox/sandbox/cpp/hacker_rank_cpp_tutorial/cmake-build-debug/CMakeFiles/feature_tests.c
Linking C executable cmTC_3728b
/usr/local/Cellar/cmake/3.6.2/bin/cmake -E cmake_link_script CMakeFiles/cmTC_3728b.dir/link.txt --verbose=1
/Library/Developer/CommandLineTools/usr/bin/cc    -Wl,-search_paths_first -Wl,-headerpad_max_install_names   CMakeFiles/cmTC_3728b.dir/feature_tests.c.o  -o cmTC_3728b  


    Feature record: C_FEATURE:1c_function_prototypes
    Feature record: C_FEATURE:1c_restrict
    Feature record: C_FEATURE:1c_static_assert
    Feature record: C_FEATURE:1c_variadic_macros


Detecting C [-std=c99] compiler features compiled with the following output:
Change Dir: /Users/guoy28/Downloads/bioinfo_toolbox/sandbox/cpp/hacker_rank_cpp_tutorial/cmake-build-debug/CMakeFiles/CMakeTmp

Run Build Command:"/usr/bin/make" "cmTC_4f9a7/fast"
/Library/Developer/CommandLineTools/usr/bin/make -f CMakeFiles/cmTC_4f9a7.dir/build.make CMakeFiles/cmTC_4f9a7.dir/build
Building C object CMakeFiles/cmTC_4f9a7.dir/feature_tests.c.o
/Library/Developer/CommandLineTools/usr/bin/cc    -std=c99 -o CMakeFiles/cmTC_4f9a7.dir/feature_tests.c.o   -c /Users/guoy28/Downloads/bioinfo_toolbox/sandbox/cpp/hacker_rank_cpp_tutorial/cmake-build-debug/CMakeFiles/feature_tests.c
Linking C executable cmTC_4f9a7
/usr/local/Cellar/cmake/3.6.2/bin/cmake -E cmake_link_script CMakeFiles/cmTC_4f9a7.dir/link.txt --verbose=1
/Library/Developer/CommandLineTools/usr/bin/cc    -Wl,-search_paths_first -Wl,-headerpad_max_install_names   CMakeFiles/cmTC_4f9a7.dir/feature_tests.c.o  -o cmTC_4f9a7  


    Feature record: C_FEATURE:1c_function_prototypes
    Feature record: C_FEATURE:1c_restrict
    Feature record: C_FEATURE:0c_static_assert
    Feature record: C_FEATURE:1c_variadic_macros


Detecting C [-std=c90] compiler features compiled with the following output:
Change Dir: /Users/guoy28/Downloads/bioinfo_toolbox/sandbox/cpp/hacker_rank_cpp_tutorial/cmake-build-debug/CMakeFiles/CMakeTmp

Run Build Command:"/usr/bin/make" "cmTC_735e1/fast"
/Library/Developer/CommandLineTools/usr/bin/make -f CMakeFiles/cmTC_735e1.dir/build.make CMakeFiles/cmTC_735e1.dir/build
Building C object CMakeFiles/cmTC_735e1.dir/feature_tests.c.o
/Library/Developer/CommandLineTools/usr/bin/cc    -std=c90 -o CMakeFiles/cmTC_735e1.dir/feature_tests.c.o   -c /Users/guoy28/Downloads/bioinfo_toolbox/sandbox/cpp/hacker_rank_cpp_tutorial/cmake-build-debug/CMakeFiles/feature_tests.c
Linking C executable cmTC_735e1
/usr/local/Cellar/cmake/3.6.2/bin/cmake -E cmake_link_script CMakeFiles/cmTC_735e1.dir/link.txt --verbose=1
/Library/Developer/CommandLineTools/usr/bin/cc    -Wl,-search_paths_first -Wl,-headerpad_max_install_names   CMakeFiles/cmTC_735e1.dir/feature_tests.c.o  -o cmTC_735e1  


    Feature record: C_FEATURE:1c_function_prototypes
    Feature record: C_FEATURE:0c_restrict
    Feature record: C_FEATURE:0c_static_assert
    Feature record: C_FEATURE:0c_variadic_macros
Determining if the CXX compiler works passed with the following output:
Change Dir: /Users/guoy28/Downloads/bioinfo_toolbox/sandbox/cpp/hacker_rank_cpp_tutorial/cmake-build-debug/CMakeFiles/CMakeTmp

Run Build Command:"/usr/bin/make" "cmTC_b1e33/fast"
/Library/Developer/CommandLineTools/usr/bin/make -f CMakeFiles/cmTC_b1e33.dir/build.make CMakeFiles/cmTC_b1e33.dir/build
Building CXX object CMakeFiles/cmTC_b1e33.dir/testCXXCompiler.cxx.o
/Library/Developer/CommandLineTools/usr/bin/c++      -o CMakeFiles/cmTC_b1e33.dir/testCXXCompiler.cxx.o -c /Users/guoy28/Downloads/bioinfo_toolbox/sandbox/cpp/hacker_rank_cpp_tutorial/cmake-build-debug/CMakeFiles/CMakeTmp/testCXXCompiler.cxx
Linking CXX executable cmTC_b1e33
/usr/local/Cellar/cmake/3.6.2/bin/cmake -E cmake_link_script CMakeFiles/cmTC_b1e33.dir/link.txt --verbose=1
/Library/Developer/CommandLineTools/usr/bin/c++     -Wl,-search_paths_first -Wl,-headerpad_max_install_names   CMakeFiles/cmTC_b1e33.dir/testCXXCompiler.cxx.o  -o cmTC_b1e33  


Detecting CXX compiler ABI info compiled with the following output:
Change Dir: /Users/guoy28/Downloads/bioinfo_toolbox/sandbox/cpp/hacker_rank_cpp_tutorial/cmake-build-debug/CMakeFiles/CMakeTmp

Run Build Command:"/usr/bin/make" "cmTC_8a669/fast"
/Library/Developer/CommandLineTools/usr/bin/make -f CMakeFiles/cmTC_8a669.dir/build.make CMakeFiles/cmTC_8a669.dir/build
Building CXX object CMakeFiles/cmTC_8a669.dir/CMakeCXXCompilerABI.cpp.o
/Library/Developer/CommandLineTools/usr/bin/c++      -o CMakeFiles/cmTC_8a669.dir/CMakeCXXCompilerABI.cpp.o -c /usr/local/Cellar/cmake/3.6.2/share/cmake/Modules/CMakeCXXCompilerABI.cpp
Linking CXX executable cmTC_8a669
/usr/local/Cellar/cmake/3.6.2/bin/cmake -E cmake_link_script CMakeFiles/cmTC_8a669.dir/link.txt --verbose=1
/Library/Developer/CommandLineTools/usr/bin/c++     -Wl,-search_paths_first -Wl,-headerpad_max_install_names  -v -Wl,-v CMakeFiles/cmTC_8a669.dir/CMakeCXXCompilerABI.cpp.o  -o cmTC_8a669   
Apple LLVM version 8.0.0 (clang-800.0.42.1)
Target: x86_64-apple-darwin15.6.0
Thread model: posix
InstalledDir: /Library/Developer/CommandLineTools/usr/bin
 "/Library/Developer/CommandLineTools/usr/bin/ld" -demangle -dynamic -arch x86_64 -macosx_version_min 10.11.0 -o cmTC_8a669 -search_paths_first -headerpad_max_install_names -v CMakeFiles/cmTC_8a669.dir/CMakeCXXCompilerABI.cpp.o -lc++ -lSystem /Library/Developer/CommandLineTools/usr/bin/../lib/clang/8.0.0/lib/darwin/libclang_rt.osx.a
@(#)PROGRAM:ld  PROJECT:ld64-274.2
configured to support archs: armv6 armv7 armv7s arm64 i386 x86_64 x86_64h armv6m armv7k armv7m armv7em (tvOS)
Library search paths:
	/usr/lib
	/usr/local/lib
Framework search paths:
	/Library/Frameworks/
	/System/Library/Frameworks/


Parsed CXX implicit link information from above output:
  link line regex: [^( *|.*[/\])(ld|([^/\]+-)?ld|collect2)[^/\]*( |$)]
  ignore line: [Change Dir: /Users/guoy28/Downloads/bioinfo_toolbox/sandbox/cpp/hacker_rank_cpp_tutorial/cmake-build-debug/CMakeFiles/CMakeTmp]
  ignore line: []
  ignore line: [Run Build Command:"/usr/bin/make" "cmTC_8a669/fast"]
  ignore line: [/Library/Developer/CommandLineTools/usr/bin/make -f CMakeFiles/cmTC_8a669.dir/build.make CMakeFiles/cmTC_8a669.dir/build]
  ignore line: [Building CXX object CMakeFiles/cmTC_8a669.dir/CMakeCXXCompilerABI.cpp.o]
  ignore line: [/Library/Developer/CommandLineTools/usr/bin/c++      -o CMakeFiles/cmTC_8a669.dir/CMakeCXXCompilerABI.cpp.o -c /usr/local/Cellar/cmake/3.6.2/share/cmake/Modules/CMakeCXXCompilerABI.cpp]
  ignore line: [Linking CXX executable cmTC_8a669]
  ignore line: [/usr/local/Cellar/cmake/3.6.2/bin/cmake -E cmake_link_script CMakeFiles/cmTC_8a669.dir/link.txt --verbose=1]
  ignore line: [/Library/Developer/CommandLineTools/usr/bin/c++     -Wl,-search_paths_first -Wl,-headerpad_max_install_names  -v -Wl,-v CMakeFiles/cmTC_8a669.dir/CMakeCXXCompilerABI.cpp.o  -o cmTC_8a669   ]
  ignore line: [Apple LLVM version 8.0.0 (clang-800.0.42.1)]
  ignore line: [Target: x86_64-apple-darwin15.6.0]
  ignore line: [Thread model: posix]
  ignore line: [InstalledDir: /Library/Developer/CommandLineTools/usr/bin]
  link line: [ "/Library/Developer/CommandLineTools/usr/bin/ld" -demangle -dynamic -arch x86_64 -macosx_version_min 10.11.0 -o cmTC_8a669 -search_paths_first -headerpad_max_install_names -v CMakeFiles/cmTC_8a669.dir/CMakeCXXCompilerABI.cpp.o -lc++ -lSystem /Library/Developer/CommandLineTools/usr/bin/../lib/clang/8.0.0/lib/darwin/libclang_rt.osx.a]
    arg [/Library/Developer/CommandLineTools/usr/bin/ld] ==> ignore
    arg [-demangle] ==> ignore
    arg [-dynamic] ==> ignore
    arg [-arch] ==> ignore
    arg [x86_64] ==> ignore
    arg [-macosx_version_min] ==> ignore
    arg [10.11.0] ==> ignore
    arg [-o] ==> ignore
    arg [cmTC_8a669] ==> ignore
    arg [-search_paths_first] ==> ignore
    arg [-headerpad_max_install_names] ==> ignore
    arg [-v] ==> ignore
    arg [CMakeFiles/cmTC_8a669.dir/CMakeCXXCompilerABI.cpp.o] ==> ignore
    arg [-lc++] ==> lib [c++]
    arg [-lSystem] ==> lib [System]
    arg [/Library/Developer/CommandLineTools/usr/bin/../lib/clang/8.0.0/lib/darwin/libclang_rt.osx.a] ==> lib [/Library/Developer/CommandLineTools/usr/bin/../lib/clang/8.0.0/lib/darwin/libclang_rt.osx.a]
  Library search paths: [;/usr/lib;/usr/local/lib]
  Framework search paths: [;/Library/Frameworks/;/System/Library/Frameworks/]
  remove lib [System]
  collapse lib [/Library/Developer/CommandLineTools/usr/bin/../lib/clang/8.0.0/lib/darwin/libclang_rt.osx.a] ==> [/Library/Developer/CommandLineTools/usr/lib/clang/8.0.0/lib/darwin/libclang_rt.osx.a]
  collapse library dir [/usr/lib] ==> [/usr/lib]
  collapse library dir [/usr/local/lib] ==> [/usr/local/lib]
  collapse framework dir [/Library/Frameworks/] ==> [/Library/Frameworks]
  collapse framework dir [/System/Library/Frameworks/] ==> [/System/Library/Frameworks]
  implicit libs: [c++;/Library/Developer/CommandLineTools/usr/lib/clang/8.0.0/lib/darwin/libclang_rt.osx.a]
  implicit dirs: [/usr/lib;/usr/local/lib]
  implicit fwks: [/Library/Frameworks;/System/Library/Frameworks]




Detecting CXX [-std=c++14] compiler features compiled with the following output:
Change Dir: /Users/guoy28/Downloads/bioinfo_toolbox/sandbox/cpp/hacker_rank_cpp_tutorial/cmake-build-debug/CMakeFiles/CMakeTmp

Run Build Command:"/usr/bin/make" "cmTC_3bdfd/fast"
/Library/Developer/CommandLineTools/usr/bin/make -f CMakeFiles/cmTC_3bdfd.dir/build.make CMakeFiles/cmTC_3bdfd.dir/build
Building CXX object CMakeFiles/cmTC_3bdfd.dir/feature_tests.cxx.o
/Library/Developer/CommandLineTools/usr/bin/c++     -std=c++14 -o CMakeFiles/cmTC_3bdfd.dir/feature_tests.cxx.o -c /Users/guoy28/Downloads/bioinfo_toolbox/sandbox/cpp/hacker_rank_cpp_tutorial/cmake-build-debug/CMakeFiles/feature_tests.cxx
Linking CXX executable cmTC_3bdfd
/usr/local/Cellar/cmake/3.6.2/bin/cmake -E cmake_link_script CMakeFiles/cmTC_3bdfd.dir/link.txt --verbose=1
/Library/Developer/CommandLineTools/usr/bin/c++     -Wl,-search_paths_first -Wl,-headerpad_max_install_names   CMakeFiles/cmTC_3bdfd.dir/feature_tests.cxx.o  -o cmTC_3bdfd  


    Feature record: CXX_FEATURE:1cxx_aggregate_default_initializers
    Feature record: CXX_FEATURE:1cxx_alias_templates
    Feature record: CXX_FEATURE:1cxx_alignas
    Feature record: CXX_FEATURE:1cxx_alignof
    Feature record: CXX_FEATURE:1cxx_attributes
    Feature record: CXX_FEATURE:1cxx_attribute_deprecated
    Feature record: CXX_FEATURE:1cxx_auto_type
    Feature record: CXX_FEATURE:1cxx_binary_literals
    Feature record: CXX_FEATURE:1cxx_constexpr
    Feature record: CXX_FEATURE:1cxx_contextual_conversions
    Feature record: CXX_FEATURE:1cxx_decltype
    Feature record: CXX_FEATURE:1cxx_decltype_auto
    Feature record: CXX_FEATURE:1cxx_decltype_incomplete_return_types
    Feature record: CXX_FEATURE:1cxx_default_function_template_args
    Feature record: CXX_FEATURE:1cxx_defaulted_functions
    Feature record: CXX_FEATURE:1cxx_defaulted_move_initializers
    Feature record: CXX_FEATURE:1cxx_delegating_constructors
    Feature record: CXX_FEATURE:1cxx_deleted_functions
    Feature record: CXX_FEATURE:1cxx_digit_separators
    Feature record: CXX_FEATURE:1cxx_enum_forward_declarations
    Feature record: CXX_FEATURE:1cxx_explicit_conversions
    Feature record: CXX_FEATURE:1cxx_extended_friend_declarations
    Feature record: CXX_FEATURE:1cxx_extern_templates
    Feature record: CXX_FEATURE:1cxx_final
    Feature record: CXX_FEATURE:1cxx_func_identifier
    Feature record: CXX_FEATURE:1cxx_generalized_initializers
    Feature record: CXX_FEATURE:1cxx_generic_lambdas
    Feature record: CXX_FEATURE:1cxx_inheriting_constructors
    Feature record: CXX_FEATURE:1cxx_inline_namespaces
    Feature record: CXX_FEATURE:1cxx_lambdas
    Feature record: CXX_FEATURE:1cxx_lambda_init_captures
    Feature record: CXX_FEATURE:1cxx_local_type_template_args
    Feature record: CXX_FEATURE:1cxx_long_long_type
    Feature record: CXX_FEATURE:1cxx_noexcept
    Feature record: CXX_FEATURE:1cxx_nonstatic_member_init
    Feature record: CXX_FEATURE:1cxx_nullptr
    Feature record: CXX_FEATURE:1cxx_override
    Feature record: CXX_FEATURE:1cxx_range_for
    Feature record: CXX_FEATURE:1cxx_raw_string_literals
    Feature record: CXX_FEATURE:1cxx_reference_qualified_functions
    Feature record: CXX_FEATURE:1cxx_relaxed_constexpr
    Feature record: CXX_FEATURE:1cxx_return_type_deduction
    Feature record: CXX_FEATURE:1cxx_right_angle_brackets
    Feature record: CXX_FEATURE:1cxx_rvalue_references
    Feature record: CXX_FEATURE:1cxx_sizeof_member
    Feature record: CXX_FEATURE:1cxx_static_assert
    Feature record: CXX_FEATURE:1cxx_strong_enums
    Feature record: CXX_FEATURE:1cxx_template_template_parameters
    Feature record: CXX_FEATURE:1cxx_thread_local
    Feature record: CXX_FEATURE:1cxx_trailing_return_types
    Feature record: CXX_FEATURE:1cxx_unicode_literals
    Feature record: CXX_FEATURE:1cxx_uniform_initialization
    Feature record: CXX_FEATURE:1cxx_unrestricted_unions
    Feature record: CXX_FEATURE:1cxx_user_literals
    Feature record: CXX_FEATURE:1cxx_variable_templates
    Feature record: CXX_FEATURE:1cxx_variadic_macros
    Feature record: CXX_FEATURE:1cxx_variadic_templates


Detecting CXX [-std=c++11] compiler features compiled with the following output:
Change Dir: /Users/guoy28/Downloads/bioinfo_toolbox/sandbox/cpp/hacker_rank_cpp_tutorial/cmake-build-debug/CMakeFiles/CMakeTmp

Run Build Command:"/usr/bin/make" "cmTC_485a7/fast"
/Library/Developer/CommandLineTools/usr/bin/make -f CMakeFiles/cmTC_485a7.dir/build.make CMakeFiles/cmTC_485a7.dir/build
Building CXX object CMakeFiles/cmTC_485a7.dir/feature_tests.cxx.o
/Library/Developer/CommandLineTools/usr/bin/c++     -std=c++11 -o CMakeFiles/cmTC_485a7.dir/feature_tests.cxx.o -c /Users/guoy28/Downloads/bioinfo_toolbox/sandbox/cpp/hacker_rank_cpp_tutorial/cmake-build-debug/CMakeFiles/feature_tests.cxx
Linking CXX executable cmTC_485a7
/usr/local/Cellar/cmake/3.6.2/bin/cmake -E cmake_link_script CMakeFiles/cmTC_485a7.dir/link.txt --verbose=1
/Library/Developer/CommandLineTools/usr/bin/c++     -Wl,-search_paths_first -Wl,-headerpad_max_install_names   CMakeFiles/cmTC_485a7.dir/feature_tests.cxx.o  -o cmTC_485a7  


    Feature record: CXX_FEATURE:0cxx_aggregate_default_initializers
    Feature record: CXX_FEATURE:1cxx_alias_templates
    Feature record: CXX_FEATURE:1cxx_alignas
    Feature record: CXX_FEATURE:1cxx_alignof
    Feature record: CXX_FEATURE:1cxx_attributes
    Feature record: CXX_FEATURE:0cxx_attribute_deprecated
    Feature record: CXX_FEATURE:1cxx_auto_type
    Feature record: CXX_FEATURE:0cxx_binary_literals
    Feature record: CXX_FEATURE:1cxx_constexpr
    Feature record: CXX_FEATURE:0cxx_contextual_conversions
    Feature record: CXX_FEATURE:1cxx_decltype
    Feature record: CXX_FEATURE:0cxx_decltype_auto
    Feature record: CXX_FEATURE:1cxx_decltype_incomplete_return_types
    Feature record: CXX_FEATURE:1cxx_default_function_template_args
    Feature record: CXX_FEATURE:1cxx_defaulted_functions
    Feature record: CXX_FEATURE:1cxx_defaulted_move_initializers
    Feature record: CXX_FEATURE:1cxx_delegating_constructors
    Feature record: CXX_FEATURE:1cxx_deleted_functions
    Feature record: CXX_FEATURE:0cxx_digit_separators
    Feature record: CXX_FEATURE:1cxx_enum_forward_declarations
    Feature record: CXX_FEATURE:1cxx_explicit_conversions
    Feature record: CXX_FEATURE:1cxx_extended_friend_declarations
    Feature record: CXX_FEATURE:1cxx_extern_templates
    Feature record: CXX_FEATURE:1cxx_final
    Feature record: CXX_FEATURE:1cxx_func_identifier
    Feature record: CXX_FEATURE:1cxx_generalized_initializers
    Feature record: CXX_FEATURE:0cxx_generic_lambdas
    Feature record: CXX_FEATURE:1cxx_inheriting_constructors
    Feature record: CXX_FEATURE:1cxx_inline_namespaces
    Feature record: CXX_FEATURE:1cxx_lambdas
    Feature record: CXX_FEATURE:0cxx_lambda_init_captures
    Feature record: CXX_FEATURE:1cxx_local_type_template_args
    Feature record: CXX_FEATURE:1cxx_long_long_type
    Feature record: CXX_FEATURE:1cxx_noexcept
    Feature record: CXX_FEATURE:1cxx_nonstatic_member_init
    Feature record: CXX_FEATURE:1cxx_nullptr
    Feature record: CXX_FEATURE:1cxx_override
    Feature record: CXX_FEATURE:1cxx_range_for
    Feature record: CXX_FEATURE:1cxx_raw_string_literals
    Feature record: CXX_FEATURE:1cxx_reference_qualified_functions
    Feature record: CXX_FEATURE:0cxx_relaxed_constexpr
    Feature record: CXX_FEATURE:0cxx_return_type_deduction
    Feature record: CXX_FEATURE:1cxx_right_angle_brackets
    Feature record: CXX_FEATURE:1cxx_rvalue_references
    Feature record: CXX_FEATURE:1cxx_sizeof_member
    Feature record: CXX_FEATURE:1cxx_static_assert
    Feature record: CXX_FEATURE:1cxx_strong_enums
    Feature record: CXX_FEATURE:1cxx_template_template_parameters
    Feature record: CXX_FEATURE:1cxx_thread_local
    Feature record: CXX_FEATURE:1cxx_trailing_return_types
    Feature record: CXX_FEATURE:1cxx_unicode_literals
    Feature record: CXX_FEATURE:1cxx_uniform_initialization
    Feature record: CXX_FEATURE:1cxx_unrestricted_unions
    Feature record: CXX_FEATURE:1cxx_user_literals
    Feature record: CXX_FEATURE:0cxx_variable_templates
    Feature record: CXX_FEATURE:1cxx_variadic_macros
    Feature record: CXX_FEATURE:1cxx_variadic_templates


Detecting CXX [-std=c++98] compiler features compiled with the following output:
Change Dir: /Users/guoy28/Downloads/bioinfo_toolbox/sandbox/cpp/hacker_rank_cpp_tutorial/cmake-build-debug/CMakeFiles/CMakeTmp

Run Build Command:"/usr/bin/make" "cmTC_39924/fast"
/Library/Developer/CommandLineTools/usr/bin/make -f CMakeFiles/cmTC_39924.dir/build.make CMakeFiles/cmTC_39924.dir/build
Building CXX object CMakeFiles/cmTC_39924.dir/feature_tests.cxx.o
/Library/Developer/CommandLineTools/usr/bin/c++     -std=c++98 -o CMakeFiles/cmTC_39924.dir/feature_tests.cxx.o -c /Users/guoy28/Downloads/bioinfo_toolbox/sandbox/cpp/hacker_rank_cpp_tutorial/cmake-build-debug/CMakeFiles/feature_tests.cxx
Linking CXX executable cmTC_39924
/usr/local/Cellar/cmake/3.6.2/bin/cmake -E cmake_link_script CMakeFiles/cmTC_39924.dir/link.txt --verbose=1
/Library/Developer/CommandLineTools/usr/bin/c++     -Wl,-search_paths_first -Wl,-headerpad_max_install_names   CMakeFiles/cmTC_39924.dir/feature_tests.cxx.o  -o cmTC_39924  


    Feature record: CXX_FEATURE:0cxx_aggregate_default_initializers
    Feature record: CXX_FEATURE:0cxx_alias_templates
    Feature record: CXX_FEATURE:0cxx_alignas
    Feature record: CXX_FEATURE:0cxx_alignof
    Feature record: CXX_FEATURE:0cxx_attributes
    Feature record: CXX_FEATURE:0cxx_attribute_deprecated
    Feature record: CXX_FEATURE:0cxx_auto_type
    Feature record: CXX_FEATURE:0cxx_binary_literals
    Feature record: CXX_FEATURE:0cxx_constexpr
    Feature record: CXX_FEATURE:0cxx_contextual_conversions
    Feature record: CXX_FEATURE:0cxx_decltype
    Feature record: CXX_FEATURE:0cxx_decltype_auto
    Feature record: CXX_FEATURE:0cxx_decltype_incomplete_return_types
    Feature record: CXX_FEATURE:0cxx_default_function_template_args
    Feature record: CXX_FEATURE:0cxx_defaulted_functions
    Feature record: CXX_FEATURE:0cxx_defaulted_move_initializers
    Feature record: CXX_FEATURE:0cxx_delegating_constructors
    Feature record: CXX_FEATURE:0cxx_deleted_functions
    Feature record: CXX_FEATURE:0cxx_digit_separators
    Feature record: CXX_FEATURE:0cxx_enum_forward_declarations
    Feature record: CXX_FEATURE:0cxx_explicit_conversions
    Feature record: CXX_FEATURE:0cxx_extended_friend_declarations
    Feature record: CXX_FEATURE:0cxx_extern_templates
    Feature record: CXX_FEATURE:0cxx_final
    Feature record: CXX_FEATURE:0cxx_func_identifier
    Feature record: CXX_FEATURE:0cxx_generalized_initializers
    Feature record: CXX_FEATURE:0cxx_generic_lambdas
    Feature record: CXX_FEATURE:0cxx_inheriting_constructors
    Feature record: CXX_FEATURE:0cxx_inline_namespaces
    Feature record: CXX_FEATURE:0cxx_lambdas
    Feature record: CXX_FEATURE:0cxx_lambda_init_captures
    Feature record: CXX_FEATURE:0cxx_local_type_template_args
    Feature record: CXX_FEATURE:0cxx_long_long_type
    Feature record: CXX_FEATURE:0cxx_noexcept
    Feature record: CXX_FEATURE:0cxx_nonstatic_member_init
    Feature record: CXX_FEATURE:0cxx_nullptr
    Feature record: CXX_FEATURE:0cxx_override
    Feature record: CXX_FEATURE:0cxx_range_for
    Feature record: CXX_FEATURE:0cxx_raw_string_literals
    Feature record: CXX_FEATURE:0cxx_reference_qualified_functions
    Feature record: CXX_FEATURE:0cxx_relaxed_constexpr
    Feature record: CXX_FEATURE:0cxx_return_type_deduction
    Feature record: CXX_FEATURE:0cxx_right_angle_brackets
    Feature record: CXX_FEATURE:0cxx_rvalue_references
    Feature record: CXX_FEATURE:0cxx_sizeof_member
    Feature record: CXX_FEATURE:0cxx_static_assert
    Feature record: CXX_FEATURE:0cxx_strong_enums
    Feature record: CXX_FEATURE:1cxx_template_template_parameters
    Feature record: CXX_FEATURE:0cxx_thread_local
    Feature record: CXX_FEATURE:0cxx_trailing_return_types
    Feature record: CXX_FEATURE:0cxx_unicode_literals
    Feature record: CXX_FEATURE:0cxx_uniform_initialization
    Feature record: CXX_FEATURE:0cxx_unrestricted_unions
    Feature record: CXX_FEATURE:0cxx_user_literals
    Feature record: CXX_FEATURE:0cxx_variable_templates
    Feature record: CXX_FEATURE:0cxx_variadic_macros
    Feature record: CXX_FEATURE:0cxx_variadic_templates
